95785 28995 351
73797 48439 340
26731 92869 351
35504 39884 324
73078 80732 351
60781 27781 340
81528 12110 351
98139 56007 351
92887 18390 351
19105 50809 324
78598 7366 351
54780 4120 340
56575 53203 322
37392 38156 306
22078 62505 340
75717 3376 340
92029 86713 333
23118 87647 351
85849 39982 351
67340 81781 351
21569 87032 351
87409 40485 351
2251 57293 340
98530 24961 351
43423 32909 324
11900 20067 279
26062 12696 282
12228 60527 340
54482 15964 340
2465 34266 311
50249 60385 340
19606 14635 279
65461 21466 340
88731 25483 351
96763 99961 328
93787 77987 338
72421 20435 340
98079 41216 351
28376 74846 340
6988 45692 324
54015 63742 335
50291 69541 340
81952 72226 351
83003 72194 351
42040 33461 324
23773 46047 324
52284 6791 324
25477 66208 340
74241 22643 340
79404 45486 351
11600 20984 279
76488 90509 351
99419 85082 333
54532 88858 351
20049 49418 324
13208 25420 282
78233 68797 351
89080 3613 351
1218 29625 308
52169 98408 351
56650 52319 340
79075 22295 351
99230 71429 351
35756 82524 351
44418 40295 288
22970 12668 279
68946 55809 335
95495 40663 351
77495 51361 351
40279 25911 324
41859 72350 340
66477 91200 351
10874 9789 255
12782 10313 268
20947 41571 324
95764 9532 351
38174 29253 324
34198 36061 324
41676 81946 351
59902 70185 335
61623 46273 340
32493 11207 308
40825 79806 351
5600 65005 340
77589 76529 351
24261 21753 282
70427 95850 351
87605 77841 338
28859 67232 340
1161 94739 351
64672 57737 335
89862 79544 333
63330 5708 340
97611 12202 351
21717 2881 279
28691 62754 340
8503 75838 340
30165 7642 308
33141 37120 324
28200 92916 351
11231 69679 340
43728 11105 324
16203 69341 340
51081 29825 324
76665 50270 340
95454 78091 338
11751 71254 340
76838 25644 340
27351 9395 308
56605 14410 340
91965 9951 351
77044 82744 338
2201 56401 340
70839 85791 351
88265 57378 351
25358 19581 282
16213 61656 340
42371 65062 340
6237 98525 351
61782 88286 351
18172 93001 351
33721 44119 324
95485 75372 351
34746 68960 340
6250 80173 351
57694 49060 340
56522 35051 340
69762 18520 340
66517 30532 340
69607 33303 340
6996 6731 257
33335 18937 308
73817 95708 351
9442 65800 340
17242 87360 351
8506 40663 324
88097 1502 351
83576 22226 351
87494 91254 333
22713 66345 340
30868 1153 308
73672 88876 351
30258 35241 311
3217 70853 340
27227 74353 340
65154 98662 351
84137 63359 351
19710 68467 340
13033 29518 308
78444 64947 351
71665 13813 340
18966 46665 324
49697 58346 340
67541 78482 351
59294 27077 340
90100 32386 351
34885 52551 340
96138 53831 351
34656 17886 311
23750 53818 340
58159 69466 335
98354 97623 297
24461 34043 308
26183 71551 340
85263 24917 351
80461 75317 351
56846 56213 304
50897 6117 324
26394 62879 340
49522 54076 340
73294 63465 325
18639 63486 340
6874 68976 340
43856 75863 340
89223 87767 333
5243 77025 340
76720 97866 351
28384 71678 340
51148 62415 340
12598 59093 340
8774 67177 340
53486 95957 351
90151 48194 351
40729 79199 351
9332 8094 260
84486 14830 351
51909 69783 340
91175 99699 333
19785 29639 308
13385 47574 324
88578 17050 351
2497 29874 308
39291 58691 340
82685 77288 338
41663 28169 324
74934 4671 340
36184 5925 324
90428 13348 351
63254 51143 340
54950 90886 351
42267 55838 340
87075 56811 351
48699 95457 351
76469 20788 340
6714 99357 351
80550 31477 351
13263 86424 351
90580 31443 351
56027 56596 322
62916 98520 351
9326 29046 308
18660 76793 340
6931 68158 340
75490 5826 340
40601 60909 340
39714 70701 340
60500 59765 317
89963 48750 351
32330 51527 324
19220 25441 282
56320 22686 340
24179 38627 324
15149 62315 340
31000 33352 285
75905 38229 340
7600 95973 351
54968 79930 351
22950 39524 324
68084 50234 340
34886 76227 340
26293 95808 351
54230 25633 340
36676 96007 351
27633 37587 324
63611 25723 340
22828 80454 351
15097 11491 276
8620 27752 308
70754 90956 351
91076 50830 351
52271 90750 351
34388 76301 340
52721 85025 351
17475 19625 279
19070 78697 351
9834 21522 279
29785 51526 324
75307 60553 335
73285 52234 340
32530 45019 324
57377 77675 351
50365 48578 296
34003 42651 324
14666 59429 340
38706 28275 324
72268 73698 294
37251 10629 324
87693 94843 333
14527 16166 271
1286 28973 308
14273 86725 351
43755 83604 351
50519 58680 340
23308 10390 279
25505 55320 340
22068 95330 351
77695 21805 351
55118 65126 335
96758 19291 351
75046 81316 351
25078 26931 308
12827 24025 282
36363 39769 306
33764 74301 340
22792 34254 311
46683 9201 324
96334 4335 351
48089 73897 340
80024 73553 351
43773 40872 288
42362 42468 257
30371 56062 340
66789 61723 330
83822 84978 320
19863 77450 351
77073 26140 351
91569 74388 351
62459 95808 351
29189 39636 324
47617 26492 324
94902 62607 351
10719 81983 351
7973 81813 351
23866 93006 351
3504 18481 279
47773 69650 340
7309 5927 262
4840 34527 311
81169 78730 338
74555 5214 340
1618 81692 351
92235 97953 328
98603 25649 351
43661 65823 340
48153 92557 351
17341 52595 340
63049 71063 330
72621 97422 351
28570 41004 324
21255 33516 308
93463 30504 351
45909 15665 324
24481 87511 351
40545 10186 324
19212 32958 308
45191 72740 340
29325 2746 308
39247 63097 340
39290 74674 340
69497 36390 340
66016 43214 340
69054 75387 325
90715 5998 351
43648 2122 324
72883 28548 340
29114 63888 340
43684 76261 340
56242 76743 335
80625 11340 351
23696 51827 324
51428 20318 324
96434 59896 351
79004 23798 351
68205 83511 351
86830 75636 351
65377 7625 340
82740 52782 351
46482 94199 351
40063 60414 340
91852 2348 351
15385 17168 266
9774 75714 340
83105 23259 351
88345 8192 351
56464 57626 304
50219 46880 314
20862 48449 324
66775 50212 340
34472 1431 311
85712 10077 351
79777 63793 351
40524 1873 324
53141 70280 335
98391 70545 351
61622 95143 351
51576 73797 340
75275 33174 340
26703 5002 308
95196 16084 351
91762 77148 338
27292 22878 308
63394 63733 255
43195 87740 351
34176 67441 340
82649 15688 351
74937 6397 340
46614 28634 324
73162 21497 340
66124 61420 330
14021 54975 340
51445 28476 324
27186 36395 324
35225 64322 340
57412 27167 340
11037 95165 351
26900 34251 311
23840 9182 282
10030 23980 282
72670 81452 351
24697 76055 340
1055 6145 238
73864 75543 325
17186 41209 324
17453 47513 324
75447 5673 340
62118 85844 351
76296 84991 351
30603 50929 324
36343 10887 324
13837 13464 245
76471 71559 325
78304 16607 351
80784 71357 351
81812 13612 351
23128 30515 308
58727 28126 340
62103 41912 340
94547 40189 351
18829 62542 340
58879 81031 351
55768 69527 335
64228 96584 351
17414 69355 340
65997 98197 351
72844 27652 340
72432 45987 340
90414 73290 351
71316 48105 340
37155 80077 351
75141 21480 340
86747 63836 351
93976 63197 351
35060 65324 340
99342 62033 351
31984 81352 351
34940 52275 324
38001 4875 324
55448 91351 351
26342 75173 340
37739 33914 324
20307 35160 311
74976 2572 340
71412 39254 340
31463 94932 351
44181 95249 351
98259 61587 351
79551 13405 351
24163 90601 351
56004 68149 335
14448 37963 324
97445 93177 328
43774 55387 340
90002 8763 351
45832 12263 324
47802 24583 324
14348 14864 271
3651 6420 262
79329 31039 351
57100 16312 340
33261 12399 308
30267 97219 351
40085 89451 351
73018 38710 340
55112 67666 335
51380 2957 324
51758 75669 340
41297 36547 306
33148 8724 308
92916 75873 351
22454 38778 324
64359 18040 340
46743 30051 324
86384 54554 351
48159 36627 314
50679 91368 351
72378 23279 340
98342 26447 351
76040 66269 325
24515 33739 308
86469 80492 320
90384 8173 351
15941 44223 324
73256 91044 351
97608 68291 351
54241 68176 335
73025 35815 340
78756 92233 338
10134 19380 279
7760 97941 351
83965 45906 351
57464 89565 351
88802 67133 351
59136 35756 340
64558 76524 325
23081 2001 279
69553 84408 351
90559 12869 351
92528 85540 333
14291 82035 351
65252 58947 335
33116 36840 324
34848 52161 324
63881 2138 340
15480 51108 324
65715 56938 335
32365 90003 351
74319 54044 335
28880 54250 340
11523 70401 340
34070 80970 351
4991 95828 351
90772 67894 351
10877 44286 324
7176 8528 252
52306 32009 324
98157 50520 351
34923 22246 311
96426 2169 351
16012 96736 351
14101 25584 282
59742 51768 340
63215 99783 351
97590 30649 351
6769 4398 262
41215 80688 351
10197 7294 260
34892 88749 351
31462 18148 308
15020 93990 351
41872 30426 324
21532 73441 340
72966 92323 351
93889 14592 351
46259 21253 324
34838 75668 340
62110 57896 335
35195 29948 311
81457 71368 351
19625 21968 274
70928 55922 335
4359 89656 351
83964 96484 333
52795 19877 340
13946 43235 324
54363 88159 351
63202 5544 340
90558 58152 351
42531 93330 351
53139 47299 340
27560 46852 324
53110 11825 340
54402 22146 340
35929 69259 340
73939 82728 351
14110 22555 279
56397 86232 351
52862 53393 309
47257 18467 324
19516 59193 340
42463 15913 324
13864 92483 351
22054 57614 340
58623 61810 335
19948 13847 279
78994 68415 351
24787 71813 340
62181 48830 340
97734 2703 351
78864 64776 351
61184 18200 340
15072 75645 340
11165 35614 311
3337 25910 282
30517 60522 340
67485 10374 340
9227 18957 279
24568 88922 351
70824 78708 351
73781 18818 340
84891 84382 302
5469 63765 340
48169 65270 340
46139 86394 351
40901 47206 314
86962 5517 351
61417 32339 340
85254 96958 333
22784 4696 279
23915 58551 340
98472 8878 351
80775 50847 351
82691 75190 351
82502 20438 351
4145 78208 351
54314 32025 340
20082 63447 340
25590 6388 282
70532 60221 335
10540 48209 324
24535 17112 282
29218 32198 285
71464 99510 351
93622 31342 351
79928 33201 351
33626 76906 340
79819 34699 351
25615 54894 340
5811 9929 262
33954 47392 324
38492 34048 324
47403 19764 324
15678 43806 324
42729 48553 314
36057 4197 324
92370 82507 333
33838 57716 340
5306 46804 324
88573 74277 351
80776 52702 351
69478 97958 351
3088 93684 351
89137 44981 351
90866 77734 338
39310 23599 324
4981 29276 308
55348 48522 340
21221 1810 279
22272 30956 308
90539 42854 351
18525 4389 279
35627 13645 311
78169 92044 338
60387 3829 340
49630 83214 351
5554 36100 324
35912 28988 324
31723 37578 324
61329 86784 351
57884 98572 351
48374 87826 351
55434 18670 340
92300 78356 338
24938 77760 351
68978 13878 340
84854 52180 351
59677 94779 351
56094 39314 340
4956 60248 340
21669 52601 340
56131 54249 322
23936 2530 282
70107 21479 340
88746 48466 351
25656 53360 340
56930 78031 351
22697 14423 279
71665 8574 340
95976 88727 333
82505 21527 351
20767 97741 351
82797 84457 320
23984 36149 324
17477 79119 351
85762 90559 333
50358 27192 324
55793 10792 340
54455 3588 340
74195 4329 340
54716 60550 322
19500 15070 279
4288 64094 340
70633 14316 340
3765 76234 340
6482 95945 351
78777 72119 351
30727 49371 324
59854 23670 340
54309 25685 340
32460 79841 351
85831 32633 351
73668 20379 340
22420 7444 279
72937 31334 340
51004 93229 351
45319 31547 324
33121 71097 340
71861 49622 340
87216 78413 338
19416 30965 308
49585 43642 314
10322 75337 340
91179 24879 351
21817 71098 340
93864 70902 351
22298 44521 324
93324 36437 351
73239 43010 340
62252 41176 340
23820 6285 282
78925 6959 351
39551 61534 340
79125 63685 351
70593 20910 340
11156 1673 268
15499 2836 276
98729 59452 351
85226 12621 351
99700 63881 351
12668 73664 340
53908 55728 260
29141 8617 308
83365 61335 351
12832 41053 324
48864 12768 324
63192 10616 340
56721 45363 340
75048 97327 351
92582 18906 351
19367 80123 351
7237 17260 276
44200 41284 288
93519 10431 351
92346 70944 351
16382 94673 351
80486 22072 351
35033 50745 324
68750 24852 340
72707 17350 340
74641 30591 340
73573 6982 340
67339 12279 340
89087 84075 333
33361 77585 351
38698 18855 324
18057 43303 324
88739 28273 351
42995 57413 340
71760 92589 351
28102 97724 351
95415 21500 351
36146 47996 314
38366 7912 324
73387 41903 340
71646 41710 340
44902 32850 324
89508 54694 351
41665 50780 314
40136 59144 340
32646 30652 285
29187 72816 340
89009 80341 333
22089 72348 340
89833 52920 351
22483 90951 351
32164 18289 308
4057 15906 276
55506 25010 340
22138 89230 351
95666 78059 338
19227 38105 324
81336 6269 351
16132 60192 340
41755 2073 324
37577 63671 340
91840 39978 351
76791 24740 340
1188 91038 351
86761 28092 351
32160 86706 351
97010 16405 351
54215 93350 351
92864 49132 351
56187 1351 340
42793 19290 324
78843 20892 351
82986 5778 351
13237 80825 351
48535 28804 324
7267 98962 351
31492 36399 324
48823 87570 351
69777 77529 351
7374 8712 252
12288 33470 308
92104 2855 351
73263 68272 325
22313 44760 324
71023 1461 340
35446 68473 340
19835 20183 274
84289 50300 351
25457 38911 324
78434 32650 351
55787 98984 351
77336 98651 338
49218 7764 324
86192 63634 351
12786 17590 276
19180 60694 340
65612 94224 351
30599 34365 311
23566 74167 340
55582 47732 340
15322 54162 340
16025 14950 271
13313 16737 271
84497 44939 351
50995 92840 351
84165 29281 351
17974 18919 261
85616 10405 351
20586 20816 225
88962 45549 351
92511 63368 351
14616 57230 340
88811 24426 351
53188 83078 351
41584 79629 351
14387 21031 279
33600 66426 340
70335 36947 340
67970 78182 351
12872 26084 282
81285 62910 351
47138 51417 314
39184 64338 340
97455 47490 351
62460 63884 330
88920 36079 351
14527 42630 324
4206 32368 308
58736 51515 340
31480 93255 351
54934 96069 351
78101 1891 351
87596 32853 351
74500 41253 340
42643 56455 340
80404 61038 351
94289 3597 351
68142 33785 340
5303 80305 351
35656 9806 324
20122 36137 324
40930 59766 340
52684 99687 351
23138 5354 279
32226 15135 308
43299 63954 340
60803 32454 340
12601 73021 340
22895 31121 308
3947 55419 340
70738 30499 340
53273 91809 351
98954 91503 328
42764 53394 340
5836 23824 282
78395 57760 351
32650 29388 285
6062 37658 324
61354 93542 351
48384 41810 314
34379 87802 351
77391 61526 351
82598 20887 351
36691 35204 324
86505 79362 320
72667 58409 335
64117 85997 351
78866 48535 351
53761 23401 340
70834 5819 340
44006 87322 351
55448 53007 322
85113 69033 351
72507 54815 335
12809 58562 340
17650 13619 279
83350 20856 351
29876 57306 340
47241 25648 324
84020 90077 333
33766 55263 340
39754 64565 340
57220 82483 351
95417 51490 351
68618 2796 340
23986 99763 351
21600 15554 279
68084 24071 340
45539 17644 324
56554 94181 351
20453 99025 351
49626 60545 340
71796 65968 325
10818 70339 340
89455 55992 351
63293 4356 340
84759 60388 351
90287 93971 333
67375 75185 325
36187 90115 351
9174 63167 340
46294 31355 324
23361 38436 324
75438 86161 351
27467 85948 351
41814 23273 324
86774 15429 351
21032 35013 311
93606 27729 351
27503 50392 324
29839 37813 324
79936 5640 351
65787 68116 312
8299 14828 276
91276 95758 333
70842 67837 312
89628 59447 351
70466 64660 312
40158 28912 324
31722 88178 351
5032 8660 262
72597 91618 351
97022 53220 351
88101 32987 351
9798 8666 260
63682 20192 340
98515 41857 351
13496 44736 324
14389 29385 308
6956 75108 340
13425 91355 351
86685 73792 351
6945 78154 351
17258 83808 351
48997 8004 324
13701 19413 279
34851 40888 324
3887 60385 340
42594 31217 324
57581 10724 340
6836 86331 351
83075 23887 351
46829 22577 324
26715 64916 340
83897 46713 351
85432 78191 338
45366 83460 351
71269 84346 351
47531 9275 324
21902 83138 351
83790 4401 351
60786 31002 340
63449 43870 340
69949 73337 325
81249 72880 351
70719 81178 351
22879 48539 324
25574 24175 264
85782 22736 351
71190 29225 340
81844 71590 351
28116 50626 324
8131 12960 268
88108 69160 351
35498 49441 324
28721 3756 308
98978 61401 351
13667 42027 324
65073 35130 340
52117 63030 340
40435 99816 351
59232 91375 351
67983 87822 351
7230 74786 340
37992 26254 324
70548 40229 340
97433 9246 351
52549 26895 340
77785 90191 338
13263 71830 340
85294 33356 351
85942 85471 302
57221 55873 322
8377 79881 351
11253 34775 311
88467 97501 333
37620 22501 324
94465 59394 351
7362 40115 324
76941 2657 340
67953 37428 340
9603 95259 351
89749 97003 333
34397 99719 351
5700 40014 324
16346 56535 340
48618 39225 314
83519 42497 351
21728 87773 351
52750 73370 335
7371 57828 340
23079 89404 351
38614 70777 340
29646 24076 308
29888 9783 308
91118 91645 333
56632 82178 351
90148 49360 351
75976 48544 340
92482 3665 351
1701 55831 340
3996 35676 324
1492 22755 279
63831 85565 351
14891 78793 351
79057 26653 351
85508 28900 351
